Flow report for RTL_Blink_LED
Wed Sep  4 15:52:41 2019
Quartus Prime Version 18.1.0 Build 625 09/12/2018 SJ Standard Edition


---------------------
; Table of Contents ;
---------------------
  1. Legal Notice
  2. Flow Summary
  3. Flow Settings
  4. Flow Non-Default Global Settings
  5. Flow Elapsed Time
  6. Flow OS Summary
  7. Flow Log
  8. Flow Messages
  9. Flow Suppressed Messages



----------------
; Legal Notice ;
----------------
Copyright (C) 2018  Intel Corporation. All rights reserved.
Your use of Intel Corporation's design tools, logic functions 
and other software and tools, and its AMPP partner logic 
functions, and any output files from any of the foregoing 
(including device programming or simulation files), and any 
associated documentation or information are expressly subject 
to the terms and conditions of the Intel Program License 
Subscription Agreement, the Intel Quartus Prime License Agreement,
the Intel FPGA IP License Agreement, or other applicable license
agreement, including, without limitation, that your use is for
the sole purpose of programming logic devices manufactured by
Intel and sold by Intel or its authorized distributors.  Please
refer to the applicable agreement for further details.



+-----------------------------------------------------------------------------------+
; Flow Summary                                                                      ;
+---------------------------------+-------------------------------------------------+
; Flow Status                     ; Successful - Wed Sep  4 15:52:41 2019           ;
; Quartus Prime Version           ; 18.1.0 Build 625 09/12/2018 SJ Standard Edition ;
; Revision Name                   ; RTL_Blink_LED                                   ;
; Top-level Entity Name           ; RTL_Blink_LED                                   ;
; Family                          ; Cyclone V                                       ;
; Device                          ; 5CSXFC6D6F31C6                                  ;
; Timing Models                   ; Final                                           ;
; Logic utilization (in ALMs)     ; 809 / 41,910 ( 2 % )                            ;
; Total registers                 ; 1021                                            ;
; Total pins                      ; 12 / 499 ( 2 % )                                ;
; Total virtual pins              ; 0                                               ;
; Total block memory bits         ; 1,977,344 / 5,662,720 ( 35 % )                  ;
; Total DSP Blocks                ; 0 / 112 ( 0 % )                                 ;
; Total HSSI RX PCSs              ; 0 / 9 ( 0 % )                                   ;
; Total HSSI PMA RX Deserializers ; 0 / 9 ( 0 % )                                   ;
; Total HSSI TX PCSs              ; 0 / 9 ( 0 % )                                   ;
; Total HSSI PMA TX Serializers   ; 0 / 9 ( 0 % )                                   ;
; Total PLLs                      ; 0 / 15 ( 0 % )                                  ;
; Total DLLs                      ; 0 / 4 ( 0 % )                                   ;
+---------------------------------+-------------------------------------------------+


+-----------------------------------------+
; Flow Settings                           ;
+-------------------+---------------------+
; Option            ; Setting             ;
+-------------------+---------------------+
; Start date & time ; 09/04/2019 15:50:12 ;
; Main task         ; Compilation         ;
; Revision Name     ; RTL_Blink_LED       ;
+-------------------+---------------------+


+--------------------------------------------------------------------------------------------------------------------------------------------------+
; Flow Non-Default Global Settings                                                                                                                 ;
+-------------------------------------+-------------------------------------------------------------+---------------+-------------+----------------+
; Assignment Name                     ; Value                                                       ; Default Value ; Entity Name ; Section Id     ;
+-------------------------------------+-------------------------------------------------------------+---------------+-------------+----------------+
; COMPILER_SIGNATURE_ID               ; 52237860296.156763741241394                                 ; --            ; --          ; --             ;
; EDA_OUTPUT_DATA_FORMAT              ; Verilog Hdl                                                 ; --            ; --          ; eda_simulation ;
; EDA_SIMULATION_TOOL                 ; ModelSim-Altera (Verilog)                                   ; <None>        ; --          ; --             ;
; EDA_TIME_SCALE                      ; 1 ps                                                        ; --            ; --          ; eda_simulation ;
; MAX_CORE_JUNCTION_TEMP              ; 85                                                          ; --            ; --          ; --             ;
; MIN_CORE_JUNCTION_TEMP              ; 0                                                           ; --            ; --          ; --             ;
; MISC_FILE                           ; niosHello/synthesis/../niosHello.cmp                        ; --            ; --          ; --             ;
; MISC_FILE                           ; niosHello/synthesis/../../niosHello.qsys                    ; --            ; --          ; --             ;
; PARTITION_COLOR                     ; -- (Not supported for targeted family)                      ; --            ; --          ; Top            ;
; PARTITION_FITTER_PRESERVATION_LEVEL ; -- (Not supported for targeted family)                      ; --            ; --          ; Top            ;
; PARTITION_NETLIST_TYPE              ; -- (Not supported for targeted family)                      ; --            ; --          ; Top            ;
; POWER_BOARD_THERMAL_MODEL           ; None (CONSERVATIVE)                                         ; --            ; --          ; --             ;
; POWER_PRESET_COOLING_SOLUTION       ; 23 MM HEAT SINK WITH 200 LFPM AIRFLOW                       ; --            ; --          ; --             ;
; PROJECT_OUTPUT_DIRECTORY            ; output_files                                                ; --            ; --          ; --             ;
; SLD_FILE                            ; niosHello/synthesis/niosHello.regmap                        ; --            ; --          ; --             ;
; SLD_FILE                            ; niosHello/synthesis/niosHello.debuginfo                     ; --            ; --          ; --             ;
; SLD_INFO                            ; QSYS_NAME niosHello HAS_SOPCINFO 1 GENERATION_ID 1567637384 ; --            ; niosHello   ; --             ;
; SOPCINFO_FILE                       ; niosHello/synthesis/../../niosHello.sopcinfo                ; --            ; --          ; --             ;
; SYNTHESIS_ONLY_QIP                  ; On                                                          ; --            ; --          ; --             ;
+-------------------------------------+-------------------------------------------------------------+---------------+-------------+----------------+


+--------------------------------------------------------------------------------------------------------------------------+
; Flow Elapsed Time                                                                                                        ;
+----------------------+--------------+-------------------------+---------------------+------------------------------------+
; Module Name          ; Elapsed Time ; Average Processors Used ; Peak Virtual Memory ; Total CPU Time (on all processors) ;
+----------------------+--------------+-------------------------+---------------------+------------------------------------+
; Analysis & Synthesis ; 00:00:31     ; 1.0                     ; 1198 MB             ; 00:00:51                           ;
; Fitter               ; 00:01:27     ; 1.2                     ; 2559 MB             ; 00:02:42                           ;
; Assembler            ; 00:00:09     ; 1.0                     ; 1033 MB             ; 00:00:09                           ;
; Timing Analyzer      ; 00:00:12     ; 2.3                     ; 1307 MB             ; 00:00:20                           ;
; EDA Netlist Writer   ; 00:00:04     ; 1.0                     ; 1212 MB             ; 00:00:03                           ;
; Total                ; 00:02:23     ; --                      ; --                  ; 00:04:05                           ;
+----------------------+--------------+-------------------------+---------------------+------------------------------------+


+----------------------------------------------------------------------------------------+
; Flow OS Summary                                                                        ;
+----------------------+------------------+----------------+------------+----------------+
; Module Name          ; Machine Hostname ; OS Name        ; OS Version ; Processor type ;
+----------------------+------------------+----------------+------------+----------------+
; Analysis & Synthesis ; ubuntu           ; Ubuntu 18.04.3 ; 18         ; x86_64         ;
; Fitter               ; ubuntu           ; Ubuntu 18.04.3 ; 18         ; x86_64         ;
; Assembler            ; ubuntu           ; Ubuntu 18.04.3 ; 18         ; x86_64         ;
; Timing Analyzer      ; ubuntu           ; Ubuntu 18.04.3 ; 18         ; x86_64         ;
; EDA Netlist Writer   ; ubuntu           ; Ubuntu 18.04.3 ; 18         ; x86_64         ;
+----------------------+------------------+----------------+------------+----------------+


------------
; Flow Log ;
------------
quartus_map --read_settings_files=on --write_settings_files=off RTL_Blink_LED -c RTL_Blink_LED
quartus_fit --read_settings_files=off --write_settings_files=off RTL_Blink_LED -c RTL_Blink_LED
quartus_asm --read_settings_files=off --write_settings_files=off RTL_Blink_LED -c RTL_Blink_LED
quartus_sta RTL_Blink_LED -c RTL_Blink_LED
quartus_eda --read_settings_files=off --write_settings_files=off RTL_Blink_LED -c RTL_Blink_LED



